<?xml version="1.0" encoding="UTF-8"?>
<testng-results skipped="0" failed="0" ignored="0" total="1" passed="1">
  <reporter-output>
  </reporter-output>
  <suite name="Default suite" duration-ms="27823" started-at="2018-01-26T12:52:25Z" finished-at="2018-01-26T12:52:52Z">
    <groups>
    </groups>
    <test name="Default test" duration-ms="27823" started-at="2018-01-26T12:52:25Z" finished-at="2018-01-26T12:52:52Z">
      <class name="selenium.practice.FreeCRMTest">
        <test-method status="PASS" signature="test1()[pri:0, instance:selenium.practice.FreeCRMTest@1dac5ef]" name="test1" duration-ms="27764" started-at="2018-01-26T18:22:25Z" finished-at="2018-01-26T18:22:52Z">
          <reporter-output>
          </reporter-output>
        </test-method> <!-- test1 -->
      </class> <!-- selenium.practice.FreeCRMTest -->
    </test> <!-- Default test -->
  </suite> <!-- Default suite -->
</testng-results>
